<?xml version="1.0" encoding="UTF-8"?>
<testng-results ignored="0" total="1" passed="1" failed="0" skipped="0">
  <reporter-output>
  </reporter-output>
  <suite started-at="2021-11-16T19:12:51 EST" name="Default suite" finished-at="2021-11-16T19:13:10 EST" duration-ms="18766">
    <groups>
    </groups>
    <test started-at="2021-11-16T19:12:51 EST" name="Default test" finished-at="2021-11-16T19:13:10 EST" duration-ms="18766">
      <class name="com.WebstaurantStore.tests.WebstaurantStoreTests">
        <test-method is-config="true" signature="setUp()[pri:0, instance:com.WebstaurantStore.tests.WebstaurantStoreTests@4686afc2]" started-at="2021-11-16T19:12:51 EST" name="setUp" finished-at="2021-11-16T19:12:57 EST" duration-ms="6352" status="PASS">
          <reporter-output>
          </reporter-output>
        </test-method> <!-- setUp -->
        <test-method signature="searchForStainlessWorkTable()[pri:0, instance:com.WebstaurantStore.tests.WebstaurantStoreTests@4686afc2]" started-at="2021-11-16T19:12:57 EST" name="searchForStainlessWorkTable" finished-at="2021-11-16T19:13:04 EST" duration-ms="6400" status="PASS">
          <reporter-output>
          </reporter-output>
        </test-method> <!-- searchForStainlessWorkTable -->
        <test-method is-config="true" signature="closingBrowsers()[pri:0, instance:com.WebstaurantStore.tests.WebstaurantStoreTests@4686afc2]" started-at="2021-11-16T19:13:04 EST" name="closingBrowsers" finished-at="2021-11-16T19:13:09 EST" duration-ms="5224" status="PASS">
          <reporter-output>
          </reporter-output>
        </test-method> <!-- closingBrowsers -->
        <test-method is-config="true" signature="cleanUpProcess()[pri:0, instance:com.WebstaurantStore.tests.WebstaurantStoreTests@4686afc2]" started-at="2021-11-16T19:13:09 EST" name="cleanUpProcess" finished-at="2021-11-16T19:13:10 EST" duration-ms="716" status="PASS">
          <reporter-output>
          </reporter-output>
        </test-method> <!-- cleanUpProcess -->
      </class> <!-- com.WebstaurantStore.tests.WebstaurantStoreTests -->
    </test> <!-- Default test -->
  </suite> <!-- Default suite -->
</testng-results>
